# JRE version: OpenJDK Runtime Environment (8.0_152-b06) (build 1.8.0_152-release-1136-b06)
# Java VM: OpenJDK 64-Bit Server VM (25.152-b06 mixed mode bsd-amd64 compressed oops)
Heap:
 PSYoungGen      total 337408K, used 64153K [0x00000007a0000000, 0x00000007b7e80000, 0x00000007c0000000)
  eden space 315904K, 13% used [0x00000007a0000000,0x00000007a2a15380,0x00000007b3480000)
  from space 21504K, 97% used [0x00000007b4300000,0x00000007b5791140,0x00000007b5800000)
  to   space 37888K, 0% used [0x00000007b5980000,0x00000007b5980000,0x00000007b7e80000)
 ParOldGen       total 254464K, used 59825K [0x0000000760000000, 0x000000076f880000, 0x00000007a0000000)
  object space 254464K, 23% used [0x0000000760000000,0x0000000763a6c5a8,0x000000076f880000)
 Metaspace       used 84819K, capacity 88973K, committed 89176K, reserved 1126400K
  class space    used 10759K, capacity 11572K, committed 11648K, reserved 1048576K
GC Heap History (10 events):
Event: 1903.081 GC heap before
{Heap before GC invocations=12 (full 3):
 PSYoungGen      total 390656K, used 390359K [0x00000007a0000000, 0x00000007bad00000, 0x00000007c0000000)
  eden space 368640K, 100% used [0x00000007a0000000,0x00000007b6800000,0x00000007b6800000)
  from space 22016K, 98% used [0x00000007b9780000,0x00000007bacb5e38,0x00000007bad00000)
  to   space 26112K, 0% used [0x00000007b7a00000,0x00000007b7a00000,0x00000007b9380000)
 ParOldGen       total 254464K, used 34795K [0x0000000760000000, 0x000000076f880000, 0x00000007a0000000)
  object space 254464K, 13% used [0x0000000760000000,0x00000007621facb8,0x000000076f880000)
 Metaspace       used 78532K, capacity 81821K, committed 82136K, reserved 1120256K
  class space    used 10233K, capacity 10896K, committed 11008K, reserved 1048576K
Event: 1903.130 GC heap after
Heap after GC invocations=12 (full 3):
 PSYoungGen      total 383488K, used 26106K [0x00000007a0000000, 0x00000007ba400000, 0x00000007c0000000)
  eden space 357376K, 0% used [0x00000007a0000000,0x00000007a0000000,0x00000007b5d00000)
  from space 26112K, 99% used [0x00000007b7a00000,0x00000007b937e810,0x00000007b9380000)
  to   space 16896K, 0% used [0x00000007b9380000,0x00000007b9380000,0x00000007ba400000)
 ParOldGen       total 254464K, used 50681K [0x0000000760000000, 0x000000076f880000, 0x00000007a0000000)
  object space 254464K, 19% used [0x0000000760000000,0x000000076317e600,0x000000076f880000)
 Metaspace       used 78532K, capacity 81821K, committed 82136K, reserved 1120256K
  class space    used 10233K, capacity 10896K, committed 11008K, reserved 1048576K
}
Event: 7239.249 GC heap before
{Heap before GC invocations=13 (full 3):
 PSYoungGen      total 383488K, used 383482K [0x00000007a0000000, 0x00000007ba400000, 0x00000007c0000000)
  eden space 357376K, 100% used [0x00000007a0000000,0x00000007b5d00000,0x00000007b5d00000)
  from space 26112K, 99% used [0x00000007b7a00000,0x00000007b937e810,0x00000007b9380000)
  to   space 16896K, 0% used [0x00000007b9380000,0x00000007b9380000,0x00000007ba400000)
 ParOldGen       total 254464K, used 50681K [0x0000000760000000, 0x000000076f880000, 0x00000007a0000000)
  object space 254464K, 19% used [0x0000000760000000,0x000000076317e600,0x000000076f880000)
 Metaspace       used 79270K, capacity 82605K, committed 82904K, reserved 1122304K
  class space    used 10271K, capacity 10926K, committed 11008K, reserved 1048576K
Event: 7239.272 GC heap after
Heap after GC invocations=13 (full 3):
 PSYoungGen      total 363520K, used 16881K [0x00000007a0000000, 0x00000007ba400000, 0x00000007c0000000)
  eden space 346624K, 0% used [0x00000007a0000000,0x00000007a0000000,0x00000007b5280000)
  from space 16896K, 99% used [0x00000007b9380000,0x00000007ba3fc560,0x00000007ba400000)
  to   space 37376K, 0% used [0x00000007b5b00000,0x00000007b5b00000,0x00000007b7f80000)
 ParOldGen       total 254464K, used 59801K [0x0000000760000000, 0x000000076f880000, 0x00000007a0000000)
  object space 254464K, 23% used [0x0000000760000000,0x0000000763a665a8,0x000000076f880000)
 Metaspace       used 79270K, capacity 82605K, committed 82904K, reserved 1122304K
  class space    used 10271K, capacity 10926K, committed 11008K, reserved 1048576K
}
Event: 7804.313 GC heap before
{Heap before GC invocations=14 (full 3):
 PSYoungGen      total 363520K, used 363179K [0x00000007a0000000, 0x00000007ba400000, 0x00000007c0000000)
  eden space 346624K, 99% used [0x00000007a0000000,0x00000007b522e890,0x00000007b5280000)
  from space 16896K, 99% used [0x00000007b9380000,0x00000007ba3fc560,0x00000007ba400000)
  to   space 37376K, 0% used [0x00000007b5b00000,0x00000007b5b00000,0x00000007b7f80000)
 ParOldGen       total 254464K, used 59801K [0x0000000760000000, 0x000000076f880000, 0x00000007a0000000)
  object space 254464K, 23% used [0x0000000760000000,0x0000000763a665a8,0x000000076f880000)
 Metaspace       used 80071K, capacity 83433K, committed 83672K, reserved 1122304K
  class space    used 10288K, capacity 10954K, committed 11008K, reserved 1048576K
Event: 7804.340 GC heap after
Heap after GC invocations=14 (full 3):
 PSYoungGen      total 364544K, used 28385K [0x00000007a0000000, 0x00000007b9500000, 0x00000007c0000000)
  eden space 335872K, 0% used [0x00000007a0000000,0x00000007a0000000,0x00000007b4800000)
  from space 28672K, 99% used [0x00000007b5b00000,0x00000007b76b8630,0x00000007b7700000)
  to   space 30720K, 0% used [0x00000007b7700000,0x00000007b7700000,0x00000007b9500000)
 ParOldGen       total 254464K, used 59809K [0x0000000760000000, 0x000000076f880000, 0x00000007a0000000)
  object space 254464K, 23% used [0x0000000760000000,0x0000000763a685a8,0x000000076f880000)
 Metaspace       used 80071K, capacity 83433K, committed 83672K, reserved 1122304K
  class space    used 10288K, capacity 10954K, committed 11008K, reserved 1048576K
}
Event: 10336.059 GC heap before
{Heap before GC invocations=15 (full 3):
 PSYoungGen      total 364544K, used 364257K [0x00000007a0000000, 0x00000007b9500000, 0x00000007c0000000)
  eden space 335872K, 100% used [0x00000007a0000000,0x00000007b4800000,0x00000007b4800000)
  from space 28672K, 99% used [0x00000007b5b00000,0x00000007b76b8630,0x00000007b7700000)
  to   space 30720K, 0% used [0x00000007b7700000,0x00000007b7700000,0x00000007b9500000)
 ParOldGen       total 254464K, used 59809K [0x0000000760000000, 0x000000076f880000, 0x00000007a0000000)
  object space 254464K, 23% used [0x0000000760000000,0x0000000763a685a8,0x000000076f880000)
 Metaspace       used 81000K, capacity 84579K, committed 84824K, reserved 1122304K
  class space    used 10343K, capacity 11061K, committed 11136K, reserved 1048576K
Event: 10336.096 GC heap after
Heap after GC invocations=15 (full 3):
 PSYoungGen      total 351232K, used 25308K [0x00000007a0000000, 0x00000007b9000000, 0x00000007c0000000)
  eden space 325632K, 0% used [0x00000007a0000000,0x00000007a0000000,0x00000007b3e00000)
  from space 25600K, 98% used [0x00000007b7700000,0x00000007b8fb7250,0x00000007b9000000)
  to   space 39424K, 0% used [0x00000007b4300000,0x00000007b4300000,0x00000007b6980000)
 ParOldGen       total 254464K, used 59817K [0x0000000760000000, 0x000000076f880000, 0x00000007a0000000)
  object space 254464K, 23% used [0x0000000760000000,0x0000000763a6a5a8,0x000000076f880000)
 Metaspace       used 81000K, capacity 84579K, committed 84824K, reserved 1122304K
  class space    used 10343K, capacity 11061K, committed 11136K, reserved 1048576K
}
Event: 10501.659 GC heap before
{Heap before GC invocations=16 (full 3):
 PSYoungGen      total 351232K, used 350940K [0x00000007a0000000, 0x00000007b9000000, 0x00000007c0000000)
  eden space 325632K, 100% used [0x00000007a0000000,0x00000007b3e00000,0x00000007b3e00000)
  from space 25600K, 98% used [0x00000007b7700000,0x00000007b8fb7250,0x00000007b9000000)
  to   space 39424K, 0% used [0x00000007b4300000,0x00000007b4300000,0x00000007b6980000)
 ParOldGen       total 254464K, used 59817K [0x0000000760000000, 0x000000076f880000, 0x00000007a0000000)
  object space 254464K, 23% used [0x0000000760000000,0x0000000763a6a5a8,0x000000076f880000)
 Metaspace       used 84773K, capacity 88973K, committed 89176K, reserved 1126400K
  class space    used 10759K, capacity 11572K, committed 11648K, reserved 1048576K
Event: 10501.685 GC heap after
Heap after GC invocations=16 (full 3):
 PSYoungGen      total 337408K, used 21060K [0x00000007a0000000, 0x00000007b7e80000, 0x00000007c0000000)
  eden space 315904K, 0% used [0x00000007a0000000,0x00000007a0000000,0x00000007b3480000)
  from space 21504K, 97% used [0x00000007b4300000,0x00000007b5791140,0x00000007b5800000)
  to   space 37888K, 0% used [0x00000007b5980000,0x00000007b5980000,0x00000007b7e80000)
 ParOldGen       total 254464K, used 59825K [0x0000000760000000, 0x000000076f880000, 0x00000007a0000000)
  object space 254464K, 23% used [0x0000000760000000,0x0000000763a6c5a8,0x000000076f880000)
 Metaspace       used 84773K, capacity 88973K, committed 89176K, reserved 1126400K
  class space    used 10759K, capacity 11572K, committed 11648K, reserved 1048576K
}

