# JRE version: OpenJDK Runtime Environment (8.0_152-b06) (build 1.8.0_152-release-1136-b06)
# Java VM: OpenJDK 64-Bit Server VM (25.152-b06 mixed mode bsd-amd64 compressed oops)
Heap:
 PSYoungGen      total 138240K, used 6101K [0x00000007a0000000, 0x00000007aa600000, 0x00000007c0000000)
  eden space 127488K, 4% used [0x00000007a0000000,0x00000007a05f5550,0x00000007a7c80000)
  from space 10752K, 0% used [0x00000007a7c80000,0x00000007a7c80000,0x00000007a8700000)
  to   space 13312K, 0% used [0x00000007a9900000,0x00000007a9900000,0x00000007aa600000)
 ParOldGen       total 180224K, used 18834K [0x0000000760000000, 0x000000076b000000, 0x00000007a0000000)
  object space 180224K, 10% used [0x0000000760000000,0x0000000761264890,0x000000076b000000)
 Metaspace       used 35394K, capacity 36038K, committed 36352K, reserved 1081344K
  class space    used 4876K, capacity 5095K, committed 5120K, reserved 1048576K
GC Heap History (10 events):
Event: 2.696 GC heap before
{Heap before GC invocations=3 (full 0):
 PSYoungGen      total 76288K, used 34681K [0x00000007a0000000, 0x00000007a9500000, 0x00000007c0000000)
  eden space 65536K, 37% used [0x00000007a0000000,0x00000007a17bd4c0,0x00000007a4000000)
  from space 10752K, 96% used [0x00000007a4a80000,0x00000007a54a10f0,0x00000007a5500000)
  to   space 10752K, 0% used [0x00000007a4000000,0x00000007a4000000,0x00000007a4a80000)
 ParOldGen       total 175104K, used 24K [0x0000000760000000, 0x000000076ab00000, 0x00000007a0000000)
  object space 175104K, 0% used [0x0000000760000000,0x0000000760006000,0x000000076ab00000)
 Metaspace       used 20714K, capacity 21114K, committed 21248K, reserved 1067008K
  class space    used 2913K, capacity 3071K, committed 3072K, reserved 1048576K
Event: 2.703 GC heap after
Heap after GC invocations=3 (full 0):
 PSYoungGen      total 76288K, used 9051K [0x00000007a0000000, 0x00000007a9500000, 0x00000007c0000000)
  eden space 65536K, 0% used [0x00000007a0000000,0x00000007a0000000,0x00000007a4000000)
  from space 10752K, 84% used [0x00000007a4000000,0x00000007a48d6fd8,0x00000007a4a80000)
  to   space 10752K, 0% used [0x00000007a8a80000,0x00000007a8a80000,0x00000007a9500000)
 ParOldGen       total 175104K, used 32K [0x0000000760000000, 0x000000076ab00000, 0x00000007a0000000)
  object space 175104K, 0% used [0x0000000760000000,0x0000000760008000,0x000000076ab00000)
 Metaspace       used 20714K, capacity 21114K, committed 21248K, reserved 1067008K
  class space    used 2913K, capacity 3071K, committed 3072K, reserved 1048576K
}
Event: 2.703 GC heap before
{Heap before GC invocations=4 (full 1):
 PSYoungGen      total 76288K, used 9051K [0x00000007a0000000, 0x00000007a9500000, 0x00000007c0000000)
  eden space 65536K, 0% used [0x00000007a0000000,0x00000007a0000000,0x00000007a4000000)
  from space 10752K, 84% used [0x00000007a4000000,0x00000007a48d6fd8,0x00000007a4a80000)
  to   space 10752K, 0% used [0x00000007a8a80000,0x00000007a8a80000,0x00000007a9500000)
 ParOldGen       total 175104K, used 32K [0x0000000760000000, 0x000000076ab00000, 0x00000007a0000000)
  object space 175104K, 0% used [0x0000000760000000,0x0000000760008000,0x000000076ab00000)
 Metaspace       used 20714K, capacity 21114K, committed 21248K, reserved 1067008K
  class space    used 2913K, capacity 3071K, committed 3072K, reserved 1048576K
Event: 2.737 GC heap after
Heap after GC invocations=4 (full 1):
 PSYoungGen      total 76288K, used 0K [0x00000007a0000000, 0x00000007a9500000, 0x00000007c0000000)
  eden space 65536K, 0% used [0x00000007a0000000,0x00000007a0000000,0x00000007a4000000)
  from space 10752K, 0% used [0x00000007a4000000,0x00000007a4000000,0x00000007a4a80000)
  to   space 10752K, 0% used [0x00000007a8a80000,0x00000007a8a80000,0x00000007a9500000)
 ParOldGen       total 109056K, used 8784K [0x0000000760000000, 0x0000000766a80000, 0x00000007a0000000)
  object space 109056K, 8% used [0x0000000760000000,0x00000007608940e8,0x0000000766a80000)
 Metaspace       used 20714K, capacity 21114K, committed 21248K, reserved 1067008K
  class space    used 2913K, capacity 3071K, committed 3072K, reserved 1048576K
}
Event: 3.667 GC heap before
{Heap before GC invocations=5 (full 1):
 PSYoungGen      total 76288K, used 65536K [0x00000007a0000000, 0x00000007a9500000, 0x00000007c0000000)
  eden space 65536K, 100% used [0x00000007a0000000,0x00000007a4000000,0x00000007a4000000)
  from space 10752K, 0% used [0x00000007a4000000,0x00000007a4000000,0x00000007a4a80000)
  to   space 10752K, 0% used [0x00000007a8a80000,0x00000007a8a80000,0x00000007a9500000)
 ParOldGen       total 109056K, used 8784K [0x0000000760000000, 0x0000000766a80000, 0x00000007a0000000)
  object space 109056K, 8% used [0x0000000760000000,0x00000007608940e8,0x0000000766a80000)
 Metaspace       used 26248K, capacity 26708K, committed 26880K, reserved 1073152K
  class space    used 3626K, capacity 3796K, committed 3840K, reserved 1048576K
Event: 3.678 GC heap after
Heap after GC invocations=5 (full 1):
 PSYoungGen      total 104448K, used 6810K [0x00000007a0000000, 0x00000007a9180000, 0x00000007c0000000)
  eden space 97280K, 0% used [0x00000007a0000000,0x00000007a0000000,0x00000007a5f00000)
  from space 7168K, 95% used [0x00000007a8a80000,0x00000007a9126908,0x00000007a9180000)
  to   space 10752K, 0% used [0x00000007a7c80000,0x00000007a7c80000,0x00000007a8700000)
 ParOldGen       total 109056K, used 8792K [0x0000000760000000, 0x0000000766a80000, 0x00000007a0000000)
  object space 109056K, 8% used [0x0000000760000000,0x00000007608960e8,0x0000000766a80000)
 Metaspace       used 26248K, capacity 26708K, committed 26880K, reserved 1073152K
  class space    used 3626K, capacity 3796K, committed 3840K, reserved 1048576K
}
Event: 5.456 GC heap before
{Heap before GC invocations=6 (full 1):
 PSYoungGen      total 104448K, used 99039K [0x00000007a0000000, 0x00000007a9180000, 0x00000007c0000000)
  eden space 97280K, 94% used [0x00000007a0000000,0x00000007a5a116e8,0x00000007a5f00000)
  from space 7168K, 95% used [0x00000007a8a80000,0x00000007a9126908,0x00000007a9180000)
  to   space 10752K, 0% used [0x00000007a7c80000,0x00000007a7c80000,0x00000007a8700000)
 ParOldGen       total 109056K, used 8792K [0x0000000760000000, 0x0000000766a80000, 0x00000007a0000000)
  object space 109056K, 8% used [0x0000000760000000,0x00000007608960e8,0x0000000766a80000)
 Metaspace       used 34555K, capacity 35146K, committed 35416K, reserved 1079296K
  class space    used 4788K, capacity 4993K, committed 5120K, reserved 1048576K
Event: 5.475 GC heap after
Heap after GC invocations=6 (full 1):
 PSYoungGen      total 138240K, used 10726K [0x00000007a0000000, 0x00000007aa600000, 0x00000007c0000000)
  eden space 127488K, 0% used [0x00000007a0000000,0x00000007a0000000,0x00000007a7c80000)
  from space 10752K, 99% used [0x00000007a7c80000,0x00000007a86f99d0,0x00000007a8700000)
  to   space 13312K, 0% used [0x00000007a9900000,0x00000007a9900000,0x00000007aa600000)
 ParOldGen       total 109056K, used 10402K [0x0000000760000000, 0x0000000766a80000, 0x00000007a0000000)
  object space 109056K, 9% used [0x0000000760000000,0x0000000760a28a58,0x0000000766a80000)
 Metaspace       used 34555K, capacity 35146K, committed 35416K, reserved 1079296K
  class space    used 4788K, capacity 4993K, committed 5120K, reserved 1048576K
}
Event: 5.475 GC heap before
{Heap before GC invocations=7 (full 2):
 PSYoungGen      total 138240K, used 10726K [0x00000007a0000000, 0x00000007aa600000, 0x00000007c0000000)
  eden space 127488K, 0% used [0x00000007a0000000,0x00000007a0000000,0x00000007a7c80000)
  from space 10752K, 99% used [0x00000007a7c80000,0x00000007a86f99d0,0x00000007a8700000)
  to   space 13312K, 0% used [0x00000007a9900000,0x00000007a9900000,0x00000007aa600000)
 ParOldGen       total 109056K, used 10402K [0x0000000760000000, 0x0000000766a80000, 0x00000007a0000000)
  object space 109056K, 9% used [0x0000000760000000,0x0000000760a28a58,0x0000000766a80000)
 Metaspace       used 34555K, capacity 35146K, committed 35416K, reserved 1079296K
  class space    used 4788K, capacity 4993K, committed 5120K, reserved 1048576K
Event: 5.535 GC heap after
Heap after GC invocations=7 (full 2):
 PSYoungGen      total 138240K, used 0K [0x00000007a0000000, 0x00000007aa600000, 0x00000007c0000000)
  eden space 127488K, 0% used [0x00000007a0000000,0x00000007a0000000,0x00000007a7c80000)
  from space 10752K, 0% used [0x00000007a7c80000,0x00000007a7c80000,0x00000007a8700000)
  to   space 13312K, 0% used [0x00000007a9900000,0x00000007a9900000,0x00000007aa600000)
 ParOldGen       total 180224K, used 18834K [0x0000000760000000, 0x000000076b000000, 0x00000007a0000000)
  object space 180224K, 10% used [0x0000000760000000,0x0000000761264890,0x000000076b000000)
 Metaspace       used 34555K, capacity 35146K, committed 35416K, reserved 1079296K
  class space    used 4788K, capacity 4993K, committed 5120K, reserved 1048576K
}

