# JRE version: OpenJDK Runtime Environment (8.0_152-b01) (build 1.8.0_152-release-1024-b01)
# Java VM: OpenJDK 64-Bit Server VM (25.152-b01 mixed mode bsd-amd64 compressed oops)
Heap:
 PSYoungGen      total 289280K, used 248286K [0x00000007a0000000, 0x00000007b9980000, 0x00000007c0000000)
  eden space 267776K, 92% used [0x00000007a0000000,0x00000007af277b60,0x00000007b0580000)
  from space 21504K, 0% used [0x00000007b0580000,0x00000007b0580000,0x00000007b1a80000)
  to   space 24064K, 0% used [0x00000007b8200000,0x00000007b8200000,0x00000007b9980000)
 ParOldGen       total 263168K, used 34931K [0x0000000760000000, 0x0000000770100000, 0x00000007a0000000)
  object space 263168K, 13% used [0x0000000760000000,0x000000076221ccb0,0x0000000770100000)
 Metaspace       used 66047K, capacity 68388K, committed 68440K, reserved 1107968K
  class space    used 8786K, capacity 9341K, committed 9344K, reserved 1048576K
GC Heap History (10 events):
Event: 4.393 GC heap before
{Heap before GC invocations=6 (full 1):
 PSYoungGen      total 202240K, used 100070K [0x00000007a0000000, 0x00000007b1500000, 0x00000007c0000000)
  eden space 191488K, 46% used [0x00000007a0000000,0x00000007a5740020,0x00000007abb00000)
  from space 10752K, 99% used [0x00000007b0a80000,0x00000007b14f9ab8,0x00000007b1500000)
  to   space 10752K, 0% used [0x00000007b0000000,0x00000007b0000000,0x00000007b0a80000)
 ParOldGen       total 107520K, used 9733K [0x0000000760000000, 0x0000000766900000, 0x00000007a0000000)
  object space 107520K, 9% used [0x0000000760000000,0x00000007609814c0,0x0000000766900000)
 Metaspace       used 34502K, capacity 35186K, committed 35416K, reserved 1079296K
  class space    used 4726K, capacity 4965K, committed 4992K, reserved 1048576K
Event: 4.404 GC heap after
Heap after GC invocations=6 (full 1):
 PSYoungGen      total 272896K, used 9804K [0x00000007a0000000, 0x00000007b2680000, 0x00000007c0000000)
  eden space 262144K, 0% used [0x00000007a0000000,0x00000007a0000000,0x00000007b0000000)
  from space 10752K, 91% used [0x00000007b0000000,0x00000007b0993228,0x00000007b0a80000)
  to   space 12288K, 0% used [0x00000007b1a80000,0x00000007b1a80000,0x00000007b2680000)
 ParOldGen       total 107520K, used 9805K [0x0000000760000000, 0x0000000766900000, 0x00000007a0000000)
  object space 107520K, 9% used [0x0000000760000000,0x00000007609934d0,0x0000000766900000)
 Metaspace       used 34502K, capacity 35186K, committed 35416K, reserved 1079296K
  class space    used 4726K, capacity 4965K, committed 4992K, reserved 1048576K
}
Event: 4.404 GC heap before
{Heap before GC invocations=7 (full 2):
 PSYoungGen      total 272896K, used 9804K [0x00000007a0000000, 0x00000007b2680000, 0x00000007c0000000)
  eden space 262144K, 0% used [0x00000007a0000000,0x00000007a0000000,0x00000007b0000000)
  from space 10752K, 91% used [0x00000007b0000000,0x00000007b0993228,0x00000007b0a80000)
  to   space 12288K, 0% used [0x00000007b1a80000,0x00000007b1a80000,0x00000007b2680000)
 ParOldGen       total 107520K, used 9805K [0x0000000760000000, 0x0000000766900000, 0x00000007a0000000)
  object space 107520K, 9% used [0x0000000760000000,0x00000007609934d0,0x0000000766900000)
 Metaspace       used 34502K, capacity 35186K, committed 35416K, reserved 1079296K
  class space    used 4726K, capacity 4965K, committed 4992K, reserved 1048576K
Event: 4.454 GC heap after
Heap after GC invocations=7 (full 2):
 PSYoungGen      total 272896K, used 0K [0x00000007a0000000, 0x00000007b2680000, 0x00000007c0000000)
  eden space 262144K, 0% used [0x00000007a0000000,0x00000007a0000000,0x00000007b0000000)
  from space 10752K, 0% used [0x00000007b0000000,0x00000007b0000000,0x00000007b0a80000)
  to   space 12288K, 0% used [0x00000007b1a80000,0x00000007b1a80000,0x00000007b2680000)
 ParOldGen       total 173056K, used 16437K [0x0000000760000000, 0x000000076a900000, 0x00000007a0000000)
  object space 173056K, 9% used [0x0000000760000000,0x000000076100d5c0,0x000000076a900000)
 Metaspace       used 34502K, capacity 35186K, committed 35416K, reserved 1079296K
  class space    used 4726K, capacity 4965K, committed 4992K, reserved 1048576K
}
Event: 7.028 GC heap before
{Heap before GC invocations=8 (full 2):
 PSYoungGen      total 272896K, used 262144K [0x00000007a0000000, 0x00000007b2680000, 0x00000007c0000000)
  eden space 262144K, 100% used [0x00000007a0000000,0x00000007b0000000,0x00000007b0000000)
  from space 10752K, 0% used [0x00000007b0000000,0x00000007b0000000,0x00000007b0a80000)
  to   space 12288K, 0% used [0x00000007b1a80000,0x00000007b1a80000,0x00000007b2680000)
 ParOldGen       total 173056K, used 16437K [0x0000000760000000, 0x000000076a900000, 0x00000007a0000000)
  object space 173056K, 9% used [0x0000000760000000,0x000000076100d5c0,0x000000076a900000)
 Metaspace       used 53516K, capacity 55222K, committed 55384K, reserved 1097728K
  class space    used 7336K, capacity 7776K, committed 7808K, reserved 1048576K
Event: 7.055 GC heap after
Heap after GC invocations=8 (full 2):
 PSYoungGen      total 280064K, used 12278K [0x00000007a0000000, 0x00000007b9180000, 0x00000007c0000000)
  eden space 267776K, 0% used [0x00000007a0000000,0x00000007a0000000,0x00000007b0580000)
  from space 12288K, 99% used [0x00000007b1a80000,0x00000007b267dbb8,0x00000007b2680000)
  to   space 21504K, 0% used [0x00000007b0580000,0x00000007b0580000,0x00000007b1a80000)
 ParOldGen       total 173056K, used 30934K [0x0000000760000000, 0x000000076a900000, 0x00000007a0000000)
  object space 173056K, 17% used [0x0000000760000000,0x0000000761e35818,0x000000076a900000)
 Metaspace       used 53516K, capacity 55222K, committed 55384K, reserved 1097728K
  class space    used 7336K, capacity 7776K, committed 7808K, reserved 1048576K
}
Event: 8.322 GC heap before
{Heap before GC invocations=9 (full 2):
 PSYoungGen      total 280064K, used 126813K [0x00000007a0000000, 0x00000007b9180000, 0x00000007c0000000)
  eden space 267776K, 42% used [0x00000007a0000000,0x00000007a6fd9a08,0x00000007b0580000)
  from space 12288K, 99% used [0x00000007b1a80000,0x00000007b267dbb8,0x00000007b2680000)
  to   space 21504K, 0% used [0x00000007b0580000,0x00000007b0580000,0x00000007b1a80000)
 ParOldGen       total 173056K, used 30934K [0x0000000760000000, 0x000000076a900000, 0x00000007a0000000)
  object space 173056K, 17% used [0x0000000760000000,0x0000000761e35818,0x000000076a900000)
 Metaspace       used 57179K, capacity 58972K, committed 59028K, reserved 1099776K
  class space    used 7721K, capacity 8165K, committed 8192K, reserved 1048576K
Event: 8.335 GC heap after
Heap after GC invocations=9 (full 2):
 PSYoungGen      total 289280K, used 20256K [0x00000007a0000000, 0x00000007b9980000, 0x00000007c0000000)
  eden space 267776K, 0% used [0x00000007a0000000,0x00000007a0000000,0x00000007b0580000)
  from space 21504K, 94% used [0x00000007b0580000,0x00000007b1948388,0x00000007b1a80000)
  to   space 24064K, 0% used [0x00000007b8200000,0x00000007b8200000,0x00000007b9980000)
 ParOldGen       total 173056K, used 30942K [0x0000000760000000, 0x000000076a900000, 0x00000007a0000000)
  object space 173056K, 17% used [0x0000000760000000,0x0000000761e37818,0x000000076a900000)
 Metaspace       used 57179K, capacity 58972K, committed 59028K, reserved 1099776K
  class space    used 7721K, capacity 8165K, committed 8192K, reserved 1048576K
}
Event: 8.335 GC heap before
{Heap before GC invocations=10 (full 3):
 PSYoungGen      total 289280K, used 20256K [0x00000007a0000000, 0x00000007b9980000, 0x00000007c0000000)
  eden space 267776K, 0% used [0x00000007a0000000,0x00000007a0000000,0x00000007b0580000)
  from space 21504K, 94% used [0x00000007b0580000,0x00000007b1948388,0x00000007b1a80000)
  to   space 24064K, 0% used [0x00000007b8200000,0x00000007b8200000,0x00000007b9980000)
 ParOldGen       total 173056K, used 30942K [0x0000000760000000, 0x000000076a900000, 0x00000007a0000000)
  object space 173056K, 17% used [0x0000000760000000,0x0000000761e37818,0x000000076a900000)
 Metaspace       used 57179K, capacity 58972K, committed 59028K, reserved 1099776K
  class space    used 7721K, capacity 8165K, committed 8192K, reserved 1048576K
Event: 8.503 GC heap after
Heap after GC invocations=10 (full 3):
 PSYoungGen      total 289280K, used 0K [0x00000007a0000000, 0x00000007b9980000, 0x00000007c0000000)
  eden space 267776K, 0% used [0x00000007a0000000,0x00000007a0000000,0x00000007b0580000)
  from space 21504K, 0% used [0x00000007b0580000,0x00000007b0580000,0x00000007b1a80000)
  to   space 24064K, 0% used [0x00000007b8200000,0x00000007b8200000,0x00000007b9980000)
 ParOldGen       total 263168K, used 34931K [0x0000000760000000, 0x0000000770100000, 0x00000007a0000000)
  object space 263168K, 13% used [0x0000000760000000,0x000000076221ccb0,0x0000000770100000)
 Metaspace       used 57179K, capacity 58972K, committed 59028K, reserved 1099776K
  class space    used 7721K, capacity 8165K, committed 8192K, reserved 1048576K
}

