# JRE version: OpenJDK Runtime Environment (8.0_152-b01) (build 1.8.0_152-release-1024-b01)
# Java VM: OpenJDK 64-Bit Server VM (25.152-b01 mixed mode bsd-amd64 compressed oops)
Heap:
 PSYoungGen      total 368640K, used 81992K [0x00000007a0000000, 0x00000007b9200000, 0x00000007c0000000)
  eden space 332800K, 22% used [0x00000007a0000000,0x00000007a47fdec0,0x00000007b4500000)
  from space 35840K, 23% used [0x00000007b6f00000,0x00000007b77144f0,0x00000007b9200000)
  to   space 39424K, 0% used [0x00000007b4500000,0x00000007b4500000,0x00000007b6b80000)
 ParOldGen       total 265728K, used 69867K [0x0000000760000000, 0x0000000770380000, 0x00000007a0000000)
  object space 265728K, 26% used [0x0000000760000000,0x000000076443ae38,0x0000000770380000)
 Metaspace       used 82892K, capacity 88230K, committed 88280K, reserved 1126400K
  class space    used 10702K, capacity 11760K, committed 11776K, reserved 1048576K
GC Heap History (10 events):
Event: 1591.492 GC heap before
{Heap before GC invocations=23 (full 3):
 PSYoungGen      total 224768K, used 224546K [0x00000007a0000000, 0x00000007b1680000, 0x00000007c0000000)
  eden space 206336K, 100% used [0x00000007a0000000,0x00000007ac980000,0x00000007ac980000)
  from space 18432K, 98% used [0x00000007ace00000,0x00000007adfc8bf0,0x00000007ae000000)
  to   space 39424K, 0% used [0x00000007af000000,0x00000007af000000,0x00000007b1680000)
 ParOldGen       total 265728K, used 56555K [0x0000000760000000, 0x0000000770380000, 0x00000007a0000000)
  object space 265728K, 21% used [0x0000000760000000,0x000000076373afb0,0x0000000770380000)
 Metaspace       used 81873K, capacity 86854K, committed 87128K, reserved 1124352K
  class space    used 10608K, capacity 11602K, committed 11648K, reserved 1048576K
Event: 1591.509 GC heap after
Heap after GC invocations=23 (full 3):
 PSYoungGen      total 234496K, used 22583K [0x00000007a0000000, 0x00000007b1000000, 0x00000007c0000000)
  eden space 201728K, 0% used [0x00000007a0000000,0x00000007a0000000,0x00000007ac500000)
  from space 32768K, 68% used [0x00000007af000000,0x00000007b060dd80,0x00000007b1000000)
  to   space 38400K, 0% used [0x00000007ac500000,0x00000007ac500000,0x00000007aea80000)
 ParOldGen       total 265728K, used 56563K [0x0000000760000000, 0x0000000770380000, 0x00000007a0000000)
  object space 265728K, 21% used [0x0000000760000000,0x000000076373cfb0,0x0000000770380000)
 Metaspace       used 81873K, capacity 86854K, committed 87128K, reserved 1124352K
  class space    used 10608K, capacity 11602K, committed 11648K, reserved 1048576K
}
Event: 1591.550 GC heap before
{Heap before GC invocations=24 (full 3):
 PSYoungGen      total 234496K, used 223366K [0x00000007a0000000, 0x00000007b1000000, 0x00000007c0000000)
  eden space 201728K, 99% used [0x00000007a0000000,0x00000007ac413b68,0x00000007ac500000)
  from space 32768K, 68% used [0x00000007af000000,0x00000007b060dd80,0x00000007b1000000)
  to   space 38400K, 0% used [0x00000007ac500000,0x00000007ac500000,0x00000007aea80000)
 ParOldGen       total 265728K, used 56563K [0x0000000760000000, 0x0000000770380000, 0x00000007a0000000)
  object space 265728K, 21% used [0x0000000760000000,0x000000076373cfb0,0x0000000770380000)
 Metaspace       used 81881K, capacity 86854K, committed 87128K, reserved 1124352K
  class space    used 10608K, capacity 11602K, committed 11648K, reserved 1048576K
Event: 1591.568 GC heap after
Heap after GC invocations=24 (full 3):
 PSYoungGen      total 240128K, used 21628K [0x00000007a0000000, 0x00000007b4c00000, 0x00000007c0000000)
  eden space 201728K, 0% used [0x00000007a0000000,0x00000007a0000000,0x00000007ac500000)
  from space 38400K, 56% used [0x00000007ac500000,0x00000007ada1f040,0x00000007aea80000)
  to   space 37376K, 0% used [0x00000007b2780000,0x00000007b2780000,0x00000007b4c00000)
 ParOldGen       total 265728K, used 56571K [0x0000000760000000, 0x0000000770380000, 0x00000007a0000000)
  object space 265728K, 21% used [0x0000000760000000,0x000000076373efb0,0x0000000770380000)
 Metaspace       used 81881K, capacity 86854K, committed 87128K, reserved 1124352K
  class space    used 10608K, capacity 11602K, committed 11648K, reserved 1048576K
}
Event: 1592.195 GC heap before
{Heap before GC invocations=25 (full 3):
 PSYoungGen      total 240128K, used 223356K [0x00000007a0000000, 0x00000007b4c00000, 0x00000007c0000000)
  eden space 201728K, 100% used [0x00000007a0000000,0x00000007ac500000,0x00000007ac500000)
  from space 38400K, 56% used [0x00000007ac500000,0x00000007ada1f040,0x00000007aea80000)
  to   space 37376K, 0% used [0x00000007b2780000,0x00000007b2780000,0x00000007b4c00000)
 ParOldGen       total 265728K, used 56571K [0x0000000760000000, 0x0000000770380000, 0x00000007a0000000)
  object space 265728K, 21% used [0x0000000760000000,0x000000076373efb0,0x0000000770380000)
 Metaspace       used 82040K, capacity 87026K, committed 87128K, reserved 1124352K
  class space    used 10620K, capacity 11612K, committed 11648K, reserved 1048576K
Event: 1592.219 GC heap after
Heap after GC invocations=25 (full 3):
 PSYoungGen      total 300032K, used 32504K [0x00000007a0000000, 0x00000007b4f00000, 0x00000007c0000000)
  eden space 262656K, 0% used [0x00000007a0000000,0x00000007a0000000,0x00000007b0080000)
  from space 37376K, 86% used [0x00000007b2780000,0x00000007b473e030,0x00000007b4c00000)
  to   space 39936K, 0% used [0x00000007b0080000,0x00000007b0080000,0x00000007b2780000)
 ParOldGen       total 265728K, used 60549K [0x0000000760000000, 0x0000000770380000, 0x00000007a0000000)
  object space 265728K, 22% used [0x0000000760000000,0x0000000763b217c0,0x0000000770380000)
 Metaspace       used 82040K, capacity 87026K, committed 87128K, reserved 1124352K
  class space    used 10620K, capacity 11612K, committed 11648K, reserved 1048576K
}
Event: 5677.304 GC heap before
{Heap before GC invocations=26 (full 3):
 PSYoungGen      total 300032K, used 295160K [0x00000007a0000000, 0x00000007b4f00000, 0x00000007c0000000)
  eden space 262656K, 100% used [0x00000007a0000000,0x00000007b0080000,0x00000007b0080000)
  from space 37376K, 86% used [0x00000007b2780000,0x00000007b473e030,0x00000007b4c00000)
  to   space 39936K, 0% used [0x00000007b0080000,0x00000007b0080000,0x00000007b2780000)
 ParOldGen       total 265728K, used 60549K [0x0000000760000000, 0x0000000770380000, 0x00000007a0000000)
  object space 265728K, 22% used [0x0000000760000000,0x0000000763b217c0,0x0000000770380000)
 Metaspace       used 82841K, capacity 88166K, committed 88280K, reserved 1126400K
  class space    used 10702K, capacity 11760K, committed 11776K, reserved 1048576K
Event: 5677.321 GC heap after
Heap after GC invocations=26 (full 3):
 PSYoungGen      total 302592K, used 16052K [0x00000007a0000000, 0x00000007b9500000, 0x00000007c0000000)
  eden space 262656K, 0% used [0x00000007a0000000,0x00000007a0000000,0x00000007b0080000)
  from space 39936K, 40% used [0x00000007b0080000,0x00000007b102d198,0x00000007b2780000)
  to   space 38912K, 0% used [0x00000007b6f00000,0x00000007b6f00000,0x00000007b9500000)
 ParOldGen       total 265728K, used 63779K [0x0000000760000000, 0x0000000770380000, 0x00000007a0000000)
  object space 265728K, 24% used [0x0000000760000000,0x0000000763e48d78,0x0000000770380000)
 Metaspace       used 82841K, capacity 88166K, committed 88280K, reserved 1126400K
  class space    used 10702K, capacity 11760K, committed 11776K, reserved 1048576K
}
Event: 5678.085 GC heap before
{Heap before GC invocations=27 (full 3):
 PSYoungGen      total 302592K, used 278274K [0x00000007a0000000, 0x00000007b9500000, 0x00000007c0000000)
  eden space 262656K, 99% used [0x00000007a0000000,0x00000007b0013668,0x00000007b0080000)
  from space 39936K, 40% used [0x00000007b0080000,0x00000007b102d198,0x00000007b2780000)
  to   space 38912K, 0% used [0x00000007b6f00000,0x00000007b6f00000,0x00000007b9500000)
 ParOldGen       total 265728K, used 63779K [0x0000000760000000, 0x0000000770380000, 0x00000007a0000000)
  object space 265728K, 24% used [0x0000000760000000,0x0000000763e48d78,0x0000000770380000)
 Metaspace       used 82877K, capacity 88166K, committed 88280K, reserved 1126400K
  class space    used 10702K, capacity 11760K, committed 11776K, reserved 1048576K
Event: 5678.101 GC heap after
Heap after GC invocations=27 (full 3):
 PSYoungGen      total 368640K, used 8273K [0x00000007a0000000, 0x00000007b9200000, 0x00000007c0000000)
  eden space 332800K, 0% used [0x00000007a0000000,0x00000007a0000000,0x00000007b4500000)
  from space 35840K, 23% used [0x00000007b6f00000,0x00000007b77144f0,0x00000007b9200000)
  to   space 39424K, 0% used [0x00000007b4500000,0x00000007b4500000,0x00000007b6b80000)
 ParOldGen       total 265728K, used 69867K [0x0000000760000000, 0x0000000770380000, 0x00000007a0000000)
  object space 265728K, 26% used [0x0000000760000000,0x000000076443ae38,0x0000000770380000)
 Metaspace       used 82877K, capacity 88166K, committed 88280K, reserved 1126400K
  class space    used 10702K, capacity 11760K, committed 11776K, reserved 1048576K
}

