# JRE version: OpenJDK Runtime Environment (8.0_152-b01) (build 1.8.0_152-release-1024-b01)
# Java VM: OpenJDK 64-Bit Server VM (25.152-b01 mixed mode bsd-amd64 compressed oops)
Heap:
 PSYoungGen      total 213504K, used 93947K [0x00000007a0000000, 0x00000007b1480000, 0x00000007c0000000)
  eden space 194560K, 48% used [0x00000007a0000000,0x00000007a5bbee90,0x00000007abe00000)
  from space 18944K, 0% used [0x00000007abe00000,0x00000007abe00000,0x00000007ad080000)
  to   space 20480K, 0% used [0x00000007b0080000,0x00000007b0080000,0x00000007b1480000)
 ParOldGen       total 260096K, used 32935K [0x0000000760000000, 0x000000076fe00000, 0x00000007a0000000)
  object space 260096K, 12% used [0x0000000760000000,0x0000000762029ca0,0x000000076fe00000)
 Metaspace       used 58544K, capacity 60444K, committed 60692K, reserved 1101824K
  class space    used 7734K, capacity 8207K, committed 8252K, reserved 1048576K
GC Heap History (10 events):
Event: 4.255 GC heap before
{Heap before GC invocations=8 (full 2):
 PSYoungGen      total 152064K, used 9708K [0x00000007a0000000, 0x00000007ace80000, 0x00000007c0000000)
  eden space 141312K, 0% used [0x00000007a0000000,0x00000007a0000000,0x00000007a8a00000)
  from space 10752K, 90% used [0x00000007a9500000,0x00000007a9e7b328,0x00000007a9f80000)
  to   space 11264K, 0% used [0x00000007a8a00000,0x00000007a8a00000,0x00000007a9500000)
 ParOldGen       total 109056K, used 8527K [0x0000000760000000, 0x0000000766a80000, 0x00000007a0000000)
  object space 109056K, 7% used [0x0000000760000000,0x0000000760853d90,0x0000000766a80000)
 Metaspace       used 34496K, capacity 35186K, committed 35416K, reserved 1079296K
  class space    used 4721K, capacity 4965K, committed 4992K, reserved 1048576K
Event: 4.300 GC heap after
Heap after GC invocations=8 (full 2):
 PSYoungGen      total 152064K, used 0K [0x00000007a0000000, 0x00000007ace80000, 0x00000007c0000000)
  eden space 141312K, 0% used [0x00000007a0000000,0x00000007a0000000,0x00000007a8a00000)
  from space 10752K, 0% used [0x00000007a9500000,0x00000007a9500000,0x00000007a9f80000)
  to   space 11264K, 0% used [0x00000007a8a00000,0x00000007a8a00000,0x00000007a9500000)
 ParOldGen       total 175104K, used 16260K [0x0000000760000000, 0x000000076ab00000, 0x00000007a0000000)
  object space 175104K, 9% used [0x0000000760000000,0x0000000760fe11f0,0x000000076ab00000)
 Metaspace       used 34496K, capacity 35186K, committed 35416K, reserved 1079296K
  class space    used 4721K, capacity 4965K, committed 4992K, reserved 1048576K
}
Event: 5.744 GC heap before
{Heap before GC invocations=9 (full 2):
 PSYoungGen      total 152064K, used 141312K [0x00000007a0000000, 0x00000007ace80000, 0x00000007c0000000)
  eden space 141312K, 100% used [0x00000007a0000000,0x00000007a8a00000,0x00000007a8a00000)
  from space 10752K, 0% used [0x00000007a9500000,0x00000007a9500000,0x00000007a9f80000)
  to   space 11264K, 0% used [0x00000007a8a00000,0x00000007a8a00000,0x00000007a9500000)
 ParOldGen       total 175104K, used 16260K [0x0000000760000000, 0x000000076ab00000, 0x00000007a0000000)
  object space 175104K, 9% used [0x0000000760000000,0x0000000760fe11f0,0x000000076ab00000)
 Metaspace       used 44480K, capacity 45502K, committed 45784K, reserved 1089536K
  class space    used 6050K, capacity 6370K, committed 6400K, reserved 1048576K
Event: 5.759 GC heap after
Heap after GC invocations=9 (full 2):
 PSYoungGen      total 152576K, used 11261K [0x00000007a0000000, 0x00000007ade80000, 0x00000007c0000000)
  eden space 141312K, 0% used [0x00000007a0000000,0x00000007a0000000,0x00000007a8a00000)
  from space 11264K, 99% used [0x00000007a8a00000,0x00000007a94ff5c8,0x00000007a9500000)
  to   space 14336K, 0% used [0x00000007ad080000,0x00000007ad080000,0x00000007ade80000)
 ParOldGen       total 175104K, used 20633K [0x0000000760000000, 0x000000076ab00000, 0x00000007a0000000)
  object space 175104K, 11% used [0x0000000760000000,0x0000000761426660,0x000000076ab00000)
 Metaspace       used 44480K, capacity 45502K, committed 45784K, reserved 1089536K
  class space    used 6050K, capacity 6370K, committed 6400K, reserved 1048576K
}
Event: 7.549 GC heap before
{Heap before GC invocations=10 (full 2):
 PSYoungGen      total 152576K, used 152573K [0x00000007a0000000, 0x00000007ade80000, 0x00000007c0000000)
  eden space 141312K, 100% used [0x00000007a0000000,0x00000007a8a00000,0x00000007a8a00000)
  from space 11264K, 99% used [0x00000007a8a00000,0x00000007a94ff5c8,0x00000007a9500000)
  to   space 14336K, 0% used [0x00000007ad080000,0x00000007ad080000,0x00000007ade80000)
 ParOldGen       total 175104K, used 20633K [0x0000000760000000, 0x000000076ab00000, 0x00000007a0000000)
  object space 175104K, 11% used [0x0000000760000000,0x0000000761426660,0x000000076ab00000)
 Metaspace       used 53566K, capacity 55190K, committed 55384K, reserved 1097728K
  class space    used 7301K, capacity 7708K, committed 7808K, reserved 1048576K
Event: 7.573 GC heap after
Heap after GC invocations=10 (full 2):
 PSYoungGen      total 208896K, used 14334K [0x00000007a0000000, 0x00000007ae900000, 0x00000007c0000000)
  eden space 194560K, 0% used [0x00000007a0000000,0x00000007a0000000,0x00000007abe00000)
  from space 14336K, 99% used [0x00000007ad080000,0x00000007ade7fbd8,0x00000007ade80000)
  to   space 18944K, 0% used [0x00000007abe00000,0x00000007abe00000,0x00000007ad080000)
 ParOldGen       total 175104K, used 28144K [0x0000000760000000, 0x000000076ab00000, 0x00000007a0000000)
  object space 175104K, 16% used [0x0000000760000000,0x0000000761b7c1d8,0x000000076ab00000)
 Metaspace       used 53566K, capacity 55190K, committed 55384K, reserved 1097728K
  class space    used 7301K, capacity 7708K, committed 7808K, reserved 1048576K
}
Event: 9.270 GC heap before
{Heap before GC invocations=11 (full 2):
 PSYoungGen      total 208896K, used 107773K [0x00000007a0000000, 0x00000007ae900000, 0x00000007c0000000)
  eden space 194560K, 48% used [0x00000007a0000000,0x00000007a5b3fb38,0x00000007abe00000)
  from space 14336K, 99% used [0x00000007ad080000,0x00000007ade7fbd8,0x00000007ade80000)
  to   space 18944K, 0% used [0x00000007abe00000,0x00000007abe00000,0x00000007ad080000)
 ParOldGen       total 175104K, used 28144K [0x0000000760000000, 0x000000076ab00000, 0x00000007a0000000)
  object space 175104K, 16% used [0x0000000760000000,0x0000000761b7c1d8,0x000000076ab00000)
 Metaspace       used 57154K, capacity 58946K, committed 59028K, reserved 1099776K
  class space    used 7634K, capacity 8076K, committed 8124K, reserved 1048576K
Event: 9.286 GC heap after
Heap after GC invocations=11 (full 2):
 PSYoungGen      total 213504K, used 17470K [0x00000007a0000000, 0x00000007b1480000, 0x00000007c0000000)
  eden space 194560K, 0% used [0x00000007a0000000,0x00000007a0000000,0x00000007abe00000)
  from space 18944K, 92% used [0x00000007abe00000,0x00000007acf0faa0,0x00000007ad080000)
  to   space 20480K, 0% used [0x00000007b0080000,0x00000007b0080000,0x00000007b1480000)
 ParOldGen       total 175104K, used 28152K [0x0000000760000000, 0x000000076ab00000, 0x00000007a0000000)
  object space 175104K, 16% used [0x0000000760000000,0x0000000761b7e1d8,0x000000076ab00000)
 Metaspace       used 57154K, capacity 58946K, committed 59028K, reserved 1099776K
  class space    used 7634K, capacity 8076K, committed 8124K, reserved 1048576K
}
Event: 9.286 GC heap before
{Heap before GC invocations=12 (full 3):
 PSYoungGen      total 213504K, used 17470K [0x00000007a0000000, 0x00000007b1480000, 0x00000007c0000000)
  eden space 194560K, 0% used [0x00000007a0000000,0x00000007a0000000,0x00000007abe00000)
  from space 18944K, 92% used [0x00000007abe00000,0x00000007acf0faa0,0x00000007ad080000)
  to   space 20480K, 0% used [0x00000007b0080000,0x00000007b0080000,0x00000007b1480000)
 ParOldGen       total 175104K, used 28152K [0x0000000760000000, 0x000000076ab00000, 0x00000007a0000000)
  object space 175104K, 16% used [0x0000000760000000,0x0000000761b7e1d8,0x000000076ab00000)
 Metaspace       used 57154K, capacity 58946K, committed 59028K, reserved 1099776K
  class space    used 7634K, capacity 8076K, committed 8124K, reserved 1048576K
Event: 9.461 GC heap after
Heap after GC invocations=12 (full 3):
 PSYoungGen      total 213504K, used 0K [0x00000007a0000000, 0x00000007b1480000, 0x00000007c0000000)
  eden space 194560K, 0% used [0x00000007a0000000,0x00000007a0000000,0x00000007abe00000)
  from space 18944K, 0% used [0x00000007abe00000,0x00000007abe00000,0x00000007ad080000)
  to   space 20480K, 0% used [0x00000007b0080000,0x00000007b0080000,0x00000007b1480000)
 ParOldGen       total 260096K, used 32935K [0x0000000760000000, 0x000000076fe00000, 0x00000007a0000000)
  object space 260096K, 12% used [0x0000000760000000,0x0000000762029ca0,0x000000076fe00000)
 Metaspace       used 57145K, capacity 58916K, committed 59028K, reserved 1099776K
  class space    used 7631K, capacity 8071K, committed 8124K, reserved 1048576K
}

