# JRE version: OpenJDK Runtime Environment (8.0_152-b06) (build 1.8.0_152-release-1136-b06)
# Java VM: OpenJDK 64-Bit Server VM (25.152-b06 mixed mode bsd-amd64 compressed oops)
Heap:
 PSYoungGen      total 416256K, used 78610K [0x00000007a0000000, 0x00000007bd800000, 0x00000007c0000000)
  eden space 390656K, 15% used [0x00000007a0000000,0x00000007a3ad2b90,0x00000007b7d80000)
  from space 25600K, 71% used [0x00000007b7d80000,0x00000007b8f72060,0x00000007b9680000)
  to   space 26112K, 0% used [0x00000007bbe80000,0x00000007bbe80000,0x00000007bd800000)
 ParOldGen       total 251904K, used 34795K [0x0000000760000000, 0x000000076f600000, 0x00000007a0000000)
  object space 251904K, 13% used [0x0000000760000000,0x00000007621fada0,0x000000076f600000)
 Metaspace       used 78626K, capacity 82411K, committed 82520K, reserved 1120256K
  class space    used 10367K, capacity 11117K, committed 11136K, reserved 1048576K
GC Heap History (10 events):
Event: 8.359 GC heap before
{Heap before GC invocations=8 (full 2):
 PSYoungGen      total 272896K, used 262144K [0x00000007a0000000, 0x00000007b3880000, 0x00000007c0000000)
  eden space 262144K, 100% used [0x00000007a0000000,0x00000007b0000000,0x00000007b0000000)
  from space 10752K, 0% used [0x00000007b0000000,0x00000007b0000000,0x00000007b0a80000)
  to   space 12800K, 0% used [0x00000007b2c00000,0x00000007b2c00000,0x00000007b3880000)
 ParOldGen       total 165888K, used 15636K [0x0000000760000000, 0x000000076a200000, 0x00000007a0000000)
  object space 165888K, 9% used [0x0000000760000000,0x0000000760f45208,0x000000076a200000)
 Metaspace       used 54462K, capacity 55997K, committed 56280K, reserved 1097728K
  class space    used 7464K, capacity 7848K, committed 7936K, reserved 1048576K
Event: 8.384 GC heap after
Heap after GC invocations=8 (full 2):
 PSYoungGen      total 296960K, used 12798K [0x00000007a0000000, 0x00000007b9d80000, 0x00000007c0000000)
  eden space 284160K, 0% used [0x00000007a0000000,0x00000007a0000000,0x00000007b1580000)
  from space 12800K, 99% used [0x00000007b2c00000,0x00000007b387f9f0,0x00000007b3880000)
  to   space 23040K, 0% used [0x00000007b1580000,0x00000007b1580000,0x00000007b2c00000)
 ParOldGen       total 165888K, used 31516K [0x0000000760000000, 0x000000076a200000, 0x00000007a0000000)
  object space 165888K, 18% used [0x0000000760000000,0x0000000761ec7188,0x000000076a200000)
 Metaspace       used 54462K, capacity 55997K, committed 56280K, reserved 1097728K
  class space    used 7464K, capacity 7848K, committed 7936K, reserved 1048576K
}
Event: 11.038 GC heap before
{Heap before GC invocations=9 (full 2):
 PSYoungGen      total 296960K, used 133494K [0x00000007a0000000, 0x00000007b9d80000, 0x00000007c0000000)
  eden space 284160K, 42% used [0x00000007a0000000,0x00000007a75de018,0x00000007b1580000)
  from space 12800K, 99% used [0x00000007b2c00000,0x00000007b387f9f0,0x00000007b3880000)
  to   space 23040K, 0% used [0x00000007b1580000,0x00000007b1580000,0x00000007b2c00000)
 ParOldGen       total 165888K, used 31516K [0x0000000760000000, 0x000000076a200000, 0x00000007a0000000)
  object space 165888K, 18% used [0x0000000760000000,0x0000000761ec7188,0x000000076a200000)
 Metaspace       used 57409K, capacity 58971K, committed 59028K, reserved 1099776K
  class space    used 7784K, capacity 8175K, committed 8192K, reserved 1048576K
Event: 11.051 GC heap after
Heap after GC invocations=9 (full 2):
 PSYoungGen      total 307200K, used 18860K [0x00000007a0000000, 0x00000007bb480000, 0x00000007c0000000)
  eden space 284160K, 0% used [0x00000007a0000000,0x00000007a0000000,0x00000007b1580000)
  from space 23040K, 81% used [0x00000007b1580000,0x00000007b27eb3b0,0x00000007b2c00000)
  to   space 24576K, 0% used [0x00000007b9c80000,0x00000007b9c80000,0x00000007bb480000)
 ParOldGen       total 165888K, used 31524K [0x0000000760000000, 0x000000076a200000, 0x00000007a0000000)
  object space 165888K, 19% used [0x0000000760000000,0x0000000761ec9188,0x000000076a200000)
 Metaspace       used 57409K, capacity 58971K, committed 59028K, reserved 1099776K
  class space    used 7784K, capacity 8175K, committed 8192K, reserved 1048576K
}
Event: 11.051 GC heap before
{Heap before GC invocations=10 (full 3):
 PSYoungGen      total 307200K, used 18860K [0x00000007a0000000, 0x00000007bb480000, 0x00000007c0000000)
  eden space 284160K, 0% used [0x00000007a0000000,0x00000007a0000000,0x00000007b1580000)
  from space 23040K, 81% used [0x00000007b1580000,0x00000007b27eb3b0,0x00000007b2c00000)
  to   space 24576K, 0% used [0x00000007b9c80000,0x00000007b9c80000,0x00000007bb480000)
 ParOldGen       total 165888K, used 31524K [0x0000000760000000, 0x000000076a200000, 0x00000007a0000000)
  object space 165888K, 19% used [0x0000000760000000,0x0000000761ec9188,0x000000076a200000)
 Metaspace       used 57409K, capacity 58971K, committed 59028K, reserved 1099776K
  class space    used 7784K, capacity 8175K, committed 8192K, reserved 1048576K
Event: 11.216 GC heap after
Heap after GC invocations=10 (full 3):
 PSYoungGen      total 307200K, used 0K [0x00000007a0000000, 0x00000007bb480000, 0x00000007c0000000)
  eden space 284160K, 0% used [0x00000007a0000000,0x00000007a0000000,0x00000007b1580000)
  from space 23040K, 0% used [0x00000007b1580000,0x00000007b1580000,0x00000007b2c00000)
  to   space 24576K, 0% used [0x00000007b9c80000,0x00000007b9c80000,0x00000007bb480000)
 ParOldGen       total 251904K, used 34771K [0x0000000760000000, 0x000000076f600000, 0x00000007a0000000)
  object space 251904K, 13% used [0x0000000760000000,0x00000007621f4da0,0x000000076f600000)
 Metaspace       used 57409K, capacity 58971K, committed 59028K, reserved 1099776K
  class space    used 7784K, capacity 8175K, committed 8192K, reserved 1048576K
}
Event: 14.830 GC heap before
{Heap before GC invocations=11 (full 3):
 PSYoungGen      total 307200K, used 283463K [0x00000007a0000000, 0x00000007bb480000, 0x00000007c0000000)
  eden space 284160K, 99% used [0x00000007a0000000,0x00000007b14d1e08,0x00000007b1580000)
  from space 23040K, 0% used [0x00000007b1580000,0x00000007b1580000,0x00000007b2c00000)
  to   space 24576K, 0% used [0x00000007b9c80000,0x00000007b9c80000,0x00000007bb480000)
 ParOldGen       total 251904K, used 34771K [0x0000000760000000, 0x000000076f600000, 0x00000007a0000000)
  object space 251904K, 13% used [0x0000000760000000,0x00000007621f4da0,0x000000076f600000)
 Metaspace       used 73848K, capacity 77161K, committed 77400K, reserved 1116160K
  class space    used 9922K, capacity 10582K, committed 10624K, reserved 1048576K
Event: 14.844 GC heap after
Heap after GC invocations=11 (full 3):
 PSYoungGen      total 392704K, used 18966K [0x00000007a0000000, 0x00000007baf80000, 0x00000007c0000000)
  eden space 373248K, 0% used [0x00000007a0000000,0x00000007a0000000,0x00000007b6c80000)
  from space 19456K, 97% used [0x00000007b9c80000,0x00000007baf05900,0x00000007baf80000)
  to   space 25600K, 0% used [0x00000007b7d80000,0x00000007b7d80000,0x00000007b9680000)
 ParOldGen       total 251904K, used 34787K [0x0000000760000000, 0x000000076f600000, 0x00000007a0000000)
  object space 251904K, 13% used [0x0000000760000000,0x00000007621f8da0,0x000000076f600000)
 Metaspace       used 73848K, capacity 77161K, committed 77400K, reserved 1116160K
  class space    used 9922K, capacity 10582K, committed 10624K, reserved 1048576K
}
Event: 69.073 GC heap before
{Heap before GC invocations=12 (full 3):
 PSYoungGen      total 392704K, used 392214K [0x00000007a0000000, 0x00000007baf80000, 0x00000007c0000000)
  eden space 373248K, 100% used [0x00000007a0000000,0x00000007b6c80000,0x00000007b6c80000)
  from space 19456K, 97% used [0x00000007b9c80000,0x00000007baf05900,0x00000007baf80000)
  to   space 25600K, 0% used [0x00000007b7d80000,0x00000007b7d80000,0x00000007b9680000)
 ParOldGen       total 251904K, used 34787K [0x0000000760000000, 0x000000076f600000, 0x00000007a0000000)
  object space 251904K, 13% used [0x0000000760000000,0x00000007621f8da0,0x000000076f600000)
 Metaspace       used 78086K, capacity 81893K, committed 82008K, reserved 1120256K
  class space    used 10338K, capacity 11064K, committed 11136K, reserved 1048576K
Event: 69.088 GC heap after
Heap after GC invocations=12 (full 3):
 PSYoungGen      total 416256K, used 18376K [0x00000007a0000000, 0x00000007bd800000, 0x00000007c0000000)
  eden space 390656K, 0% used [0x00000007a0000000,0x00000007a0000000,0x00000007b7d80000)
  from space 25600K, 71% used [0x00000007b7d80000,0x00000007b8f72060,0x00000007b9680000)
  to   space 26112K, 0% used [0x00000007bbe80000,0x00000007bbe80000,0x00000007bd800000)
 ParOldGen       total 251904K, used 34795K [0x0000000760000000, 0x000000076f600000, 0x00000007a0000000)
  object space 251904K, 13% used [0x0000000760000000,0x00000007621fada0,0x000000076f600000)
 Metaspace       used 78086K, capacity 81893K, committed 82008K, reserved 1120256K
  class space    used 10338K, capacity 11064K, committed 11136K, reserved 1048576K
}

