# JRE version: OpenJDK Runtime Environment (8.0_152-b06) (build 1.8.0_152-release-1136-b06)
# Java VM: OpenJDK 64-Bit Server VM (25.152-b06 mixed mode bsd-amd64 compressed oops)
Heap:
 PSYoungGen      total 243712K, used 181515K [0x00000007a0000000, 0x00000007b1900000, 0x00000007c0000000)
  eden space 216064K, 71% used [0x00000007a0000000,0x00000007a9646b40,0x00000007ad300000)
  from space 27648K, 99% used [0x00000007ad880000,0x00000007af37c0e8,0x00000007af380000)
  to   space 35840K, 0% used [0x00000007af600000,0x00000007af600000,0x00000007b1900000)
 ParOldGen       total 250880K, used 56396K [0x0000000760000000, 0x000000076f500000, 0x00000007a0000000)
  object space 250880K, 22% used [0x0000000760000000,0x00000007637131d0,0x000000076f500000)
 Metaspace       used 82266K, capacity 86904K, committed 87040K, reserved 1124352K
  class space    used 10578K, capacity 11407K, committed 11520K, reserved 1048576K
GC Heap History (10 events):
Event: 1011.046 GC heap before
{Heap before GC invocations=14 (full 3):
 PSYoungGen      total 276992K, used 266503K [0x00000007a0000000, 0x00000007b3000000, 0x00000007c0000000)
  eden space 245248K, 100% used [0x00000007a0000000,0x00000007aef80000,0x00000007aef80000)
  from space 31744K, 66% used [0x00000007b0f00000,0x00000007b23c1c20,0x00000007b2e00000)
  to   space 32256K, 0% used [0x00000007aef80000,0x00000007aef80000,0x00000007b0f00000)
 ParOldGen       total 250880K, used 42787K [0x0000000760000000, 0x000000076f500000, 0x00000007a0000000)
  object space 250880K, 17% used [0x0000000760000000,0x00000007629c8d08,0x000000076f500000)
 Metaspace       used 78571K, capacity 82232K, committed 82560K, reserved 1120256K
  class space    used 10316K, capacity 11009K, committed 11136K, reserved 1048576K
Event: 1011.059 GC heap after
Heap after GC invocations=14 (full 3):
 PSYoungGen      total 254464K, used 15134K [0x00000007a0000000, 0x00000007b2580000, 0x00000007c0000000)
  eden space 239104K, 0% used [0x00000007a0000000,0x00000007a0000000,0x00000007ae980000)
  from space 15360K, 98% used [0x00000007aef80000,0x00000007afe47a80,0x00000007afe80000)
  to   space 30720K, 0% used [0x00000007b0780000,0x00000007b0780000,0x00000007b2580000)
 ParOldGen       total 250880K, used 42795K [0x0000000760000000, 0x000000076f500000, 0x00000007a0000000)
  object space 250880K, 17% used [0x0000000760000000,0x00000007629cad08,0x000000076f500000)
 Metaspace       used 78571K, capacity 82232K, committed 82560K, reserved 1120256K
  class space    used 10316K, capacity 11009K, committed 11136K, reserved 1048576K
}
Event: 4350.315 GC heap before
{Heap before GC invocations=15 (full 3):
 PSYoungGen      total 254464K, used 254238K [0x00000007a0000000, 0x00000007b2580000, 0x00000007c0000000)
  eden space 239104K, 100% used [0x00000007a0000000,0x00000007ae980000,0x00000007ae980000)
  from space 15360K, 98% used [0x00000007aef80000,0x00000007afe47a80,0x00000007afe80000)
  to   space 30720K, 0% used [0x00000007b0780000,0x00000007b0780000,0x00000007b2580000)
 ParOldGen       total 250880K, used 42795K [0x0000000760000000, 0x000000076f500000, 0x00000007a0000000)
  object space 250880K, 17% used [0x0000000760000000,0x00000007629cad08,0x000000076f500000)
 Metaspace       used 80438K, capacity 84266K, committed 84480K, reserved 1122304K
  class space    used 10459K, capacity 11206K, committed 11264K, reserved 1048576K
Event: 4350.330 GC heap after
Heap after GC invocations=15 (full 3):
 PSYoungGen      total 254464K, used 16175K [0x00000007a0000000, 0x00000007b1c80000, 0x00000007c0000000)
  eden space 232960K, 0% used [0x00000007a0000000,0x00000007a0000000,0x00000007ae380000)
  from space 21504K, 75% used [0x00000007b0780000,0x00000007b174bd90,0x00000007b1c80000)
  to   space 29184K, 0% used [0x00000007ae380000,0x00000007ae380000,0x00000007b0000000)
 ParOldGen       total 250880K, used 42803K [0x0000000760000000, 0x000000076f500000, 0x00000007a0000000)
  object space 250880K, 17% used [0x0000000760000000,0x00000007629ccd08,0x000000076f500000)
 Metaspace       used 80438K, capacity 84266K, committed 84480K, reserved 1122304K
  class space    used 10459K, capacity 11206K, committed 11264K, reserved 1048576K
}
Event: 5161.509 GC heap before
{Heap before GC invocations=16 (full 3):
 PSYoungGen      total 254464K, used 249135K [0x00000007a0000000, 0x00000007b1c80000, 0x00000007c0000000)
  eden space 232960K, 100% used [0x00000007a0000000,0x00000007ae380000,0x00000007ae380000)
  from space 21504K, 75% used [0x00000007b0780000,0x00000007b174bd90,0x00000007b1c80000)
  to   space 29184K, 0% used [0x00000007ae380000,0x00000007ae380000,0x00000007b0000000)
 ParOldGen       total 250880K, used 42803K [0x0000000760000000, 0x000000076f500000, 0x00000007a0000000)
  object space 250880K, 17% used [0x0000000760000000,0x00000007629ccd08,0x000000076f500000)
 Metaspace       used 80882K, capacity 84890K, committed 84992K, reserved 1122304K
  class space    used 10475K, capacity 11234K, committed 11264K, reserved 1048576K
Event: 5161.521 GC heap after
Heap after GC invocations=16 (full 3):
 PSYoungGen      total 241152K, used 13465K [0x00000007a0000000, 0x00000007b1600000, 0x00000007c0000000)
  eden space 227328K, 0% used [0x00000007a0000000,0x00000007a0000000,0x00000007ade00000)
  from space 13824K, 97% used [0x00000007ae380000,0x00000007af0a65f8,0x00000007af100000)
  to   space 28672K, 0% used [0x00000007afa00000,0x00000007afa00000,0x00000007b1600000)
 ParOldGen       total 250880K, used 42811K [0x0000000760000000, 0x000000076f500000, 0x00000007a0000000)
  object space 250880K, 17% used [0x0000000760000000,0x00000007629ced08,0x000000076f500000)
 Metaspace       used 80882K, capacity 84890K, committed 84992K, reserved 1122304K
  class space    used 10475K, capacity 11234K, committed 11264K, reserved 1048576K
}
Event: 5343.399 GC heap before
{Heap before GC invocations=17 (full 3):
 PSYoungGen      total 241152K, used 240793K [0x00000007a0000000, 0x00000007b1600000, 0x00000007c0000000)
  eden space 227328K, 100% used [0x00000007a0000000,0x00000007ade00000,0x00000007ade00000)
  from space 13824K, 97% used [0x00000007ae380000,0x00000007af0a65f8,0x00000007af100000)
  to   space 28672K, 0% used [0x00000007afa00000,0x00000007afa00000,0x00000007b1600000)
 ParOldGen       total 250880K, used 42811K [0x0000000760000000, 0x000000076f500000, 0x00000007a0000000)
  object space 250880K, 17% used [0x0000000760000000,0x00000007629ced08,0x000000076f500000)
 Metaspace       used 81679K, capacity 86310K, committed 86528K, reserved 1124352K
  class space    used 10577K, capacity 11406K, committed 11520K, reserved 1048576K
Event: 5343.431 GC heap after
Heap after GC invocations=17 (full 3):
 PSYoungGen      total 242688K, used 17305K [0x00000007a0000000, 0x00000007b0e80000, 0x00000007c0000000)
  eden space 221696K, 0% used [0x00000007a0000000,0x00000007a0000000,0x00000007ad880000)
  from space 20992K, 82% used [0x00000007afa00000,0x00000007b0ae6638,0x00000007b0e80000)
  to   space 27648K, 0% used [0x00000007ad880000,0x00000007ad880000,0x00000007af380000)
 ParOldGen       total 250880K, used 42819K [0x0000000760000000, 0x000000076f500000, 0x00000007a0000000)
  object space 250880K, 17% used [0x0000000760000000,0x00000007629d0d08,0x000000076f500000)
 Metaspace       used 81679K, capacity 86310K, committed 86528K, reserved 1124352K
  class space    used 10577K, capacity 11406K, committed 11520K, reserved 1048576K
}
Event: 5345.425 GC heap before
{Heap before GC invocations=18 (full 3):
 PSYoungGen      total 242688K, used 239001K [0x00000007a0000000, 0x00000007b0e80000, 0x00000007c0000000)
  eden space 221696K, 100% used [0x00000007a0000000,0x00000007ad880000,0x00000007ad880000)
  from space 20992K, 82% used [0x00000007afa00000,0x00000007b0ae6638,0x00000007b0e80000)
  to   space 27648K, 0% used [0x00000007ad880000,0x00000007ad880000,0x00000007af380000)
 ParOldGen       total 250880K, used 42819K [0x0000000760000000, 0x000000076f500000, 0x00000007a0000000)
  object space 250880K, 17% used [0x0000000760000000,0x00000007629d0d08,0x000000076f500000)
 Metaspace       used 82224K, capacity 86834K, committed 87040K, reserved 1124352K
  class space    used 10578K, capacity 11406K, committed 11520K, reserved 1048576K
Event: 5345.460 GC heap after
Heap after GC invocations=18 (full 3):
 PSYoungGen      total 243712K, used 27632K [0x00000007a0000000, 0x00000007b1900000, 0x00000007c0000000)
  eden space 216064K, 0% used [0x00000007a0000000,0x00000007a0000000,0x00000007ad300000)
  from space 27648K, 99% used [0x00000007ad880000,0x00000007af37c0e8,0x00000007af380000)
  to   space 35840K, 0% used [0x00000007af600000,0x00000007af600000,0x00000007b1900000)
 ParOldGen       total 250880K, used 56396K [0x0000000760000000, 0x000000076f500000, 0x00000007a0000000)
  object space 250880K, 22% used [0x0000000760000000,0x00000007637131d0,0x000000076f500000)
 Metaspace       used 82224K, capacity 86834K, committed 87040K, reserved 1124352K
  class space    used 10578K, capacity 11406K, committed 11520K, reserved 1048576K
}

