# JRE version: OpenJDK Runtime Environment (8.0_152-b01) (build 1.8.0_152-release-1024-b01)
# Java VM: OpenJDK 64-Bit Server VM (25.152-b01 mixed mode bsd-amd64 compressed oops)
Heap:
 PSYoungGen      total 332800K, used 42063K [0x00000007a0000000, 0x00000007b8300000, 0x00000007c0000000)
  eden space 312832K, 7% used [0x00000007a0000000,0x00000007a15b5ab8,0x00000007b3180000)
  from space 19968K, 99% used [0x00000007b6f80000,0x00000007b82de160,0x00000007b8300000)
  to   space 26112K, 0% used [0x00000007b5000000,0x00000007b5000000,0x00000007b6980000)
 ParOldGen       total 302592K, used 53836K [0x0000000760000000, 0x0000000772780000, 0x00000007a0000000)
  object space 302592K, 17% used [0x0000000760000000,0x0000000763493050,0x0000000772780000)
 Metaspace       used 78365K, capacity 83780K, committed 84056K, reserved 1122304K
  class space    used 10522K, capacity 11567K, committed 11648K, reserved 1048576K
GC Heap History (10 events):
Event: 10.603 GC heap before
{Heap before GC invocations=9 (full 2):
 PSYoungGen      total 252416K, used 161360K [0x00000007a0000000, 0x00000007b7300000, 0x00000007c0000000)
  eden space 251392K, 63% used [0x00000007a0000000,0x00000007a9c9c290,0x00000007af580000)
  from space 1024K, 96% used [0x00000007b0a00000,0x00000007b0af8010,0x00000007b0b00000)
  to   space 20992K, 0% used [0x00000007af580000,0x00000007af580000,0x00000007b0a00000)
 ParOldGen       total 182784K, used 40997K [0x0000000760000000, 0x000000076b280000, 0x00000007a0000000)
  object space 182784K, 22% used [0x0000000760000000,0x0000000762809710,0x000000076b280000)
 Metaspace       used 56975K, capacity 58832K, committed 58968K, reserved 1099776K
  class space    used 7724K, capacity 8201K, committed 8320K, reserved 1048576K
Event: 10.612 GC heap after
Heap after GC invocations=9 (full 2):
 PSYoungGen      total 272384K, used 10202K [0x00000007a0000000, 0x00000007b6b80000, 0x00000007c0000000)
  eden space 251392K, 0% used [0x00000007a0000000,0x00000007a0000000,0x00000007af580000)
  from space 20992K, 48% used [0x00000007af580000,0x00000007aff76810,0x00000007b0a00000)
  to   space 19968K, 0% used [0x00000007b5800000,0x00000007b5800000,0x00000007b6b80000)
 ParOldGen       total 182784K, used 41005K [0x0000000760000000, 0x000000076b280000, 0x00000007a0000000)
  object space 182784K, 22% used [0x0000000760000000,0x000000076280b710,0x000000076b280000)
 Metaspace       used 56975K, capacity 58832K, committed 58968K, reserved 1099776K
  class space    used 7724K, capacity 8201K, committed 8320K, reserved 1048576K
}
Event: 10.612 GC heap before
{Heap before GC invocations=10 (full 3):
 PSYoungGen      total 272384K, used 10202K [0x00000007a0000000, 0x00000007b6b80000, 0x00000007c0000000)
  eden space 251392K, 0% used [0x00000007a0000000,0x00000007a0000000,0x00000007af580000)
  from space 20992K, 48% used [0x00000007af580000,0x00000007aff76810,0x00000007b0a00000)
  to   space 19968K, 0% used [0x00000007b5800000,0x00000007b5800000,0x00000007b6b80000)
 ParOldGen       total 182784K, used 41005K [0x0000000760000000, 0x000000076b280000, 0x00000007a0000000)
  object space 182784K, 22% used [0x0000000760000000,0x000000076280b710,0x000000076b280000)
 Metaspace       used 56975K, capacity 58832K, committed 58968K, reserved 1099776K
  class space    used 7724K, capacity 8201K, committed 8320K, reserved 1048576K
Event: 10.843 GC heap after
Heap after GC invocations=10 (full 3):
 PSYoungGen      total 272384K, used 0K [0x00000007a0000000, 0x00000007b6b80000, 0x00000007c0000000)
  eden space 251392K, 0% used [0x00000007a0000000,0x00000007a0000000,0x00000007af580000)
  from space 20992K, 0% used [0x00000007af580000,0x00000007af580000,0x00000007b0a00000)
  to   space 19968K, 0% used [0x00000007b5800000,0x00000007b5800000,0x00000007b6b80000)
 ParOldGen       total 302592K, used 47549K [0x0000000760000000, 0x0000000772780000, 0x00000007a0000000)
  object space 302592K, 15% used [0x0000000760000000,0x0000000762e6f798,0x0000000772780000)
 Metaspace       used 56970K, capacity 58814K, committed 58968K, reserved 1099776K
  class space    used 7723K, capacity 8198K, committed 8320K, reserved 1048576K
}
Event: 12.487 GC heap before
{Heap before GC invocations=11 (full 3):
 PSYoungGen      total 272384K, used 251297K [0x00000007a0000000, 0x00000007b6b80000, 0x00000007c0000000)
  eden space 251392K, 99% used [0x00000007a0000000,0x00000007af5684c0,0x00000007af580000)
  from space 20992K, 0% used [0x00000007af580000,0x00000007af580000,0x00000007b0a00000)
  to   space 19968K, 0% used [0x00000007b5800000,0x00000007b5800000,0x00000007b6b80000)
 ParOldGen       total 302592K, used 47549K [0x0000000760000000, 0x0000000772780000, 0x00000007a0000000)
  object space 302592K, 15% used [0x0000000760000000,0x0000000762e6f798,0x0000000772780000)
 Metaspace       used 63397K, capacity 65454K, committed 65496K, reserved 1105920K
  class space    used 8434K, capacity 8918K, committed 8960K, reserved 1048576K
Event: 12.493 GC heap after
Heap after GC invocations=11 (full 3):
 PSYoungGen      total 315392K, used 8733K [0x00000007a0000000, 0x00000007b6100000, 0x00000007c0000000)
  eden space 306176K, 0% used [0x00000007a0000000,0x00000007a0000000,0x00000007b2b00000)
  from space 9216K, 94% used [0x00000007b5800000,0x00000007b6087688,0x00000007b6100000)
  to   space 19968K, 0% used [0x00000007b3a00000,0x00000007b3a00000,0x00000007b4d80000)
 ParOldGen       total 302592K, used 47565K [0x0000000760000000, 0x0000000772780000, 0x00000007a0000000)
  object space 302592K, 15% used [0x0000000760000000,0x0000000762e73798,0x0000000772780000)
 Metaspace       used 63397K, capacity 65454K, committed 65496K, reserved 1105920K
  class space    used 8434K, capacity 8918K, committed 8960K, reserved 1048576K
}
Event: 14.065 GC heap before
{Heap before GC invocations=12 (full 3):
 PSYoungGen      total 315392K, used 314909K [0x00000007a0000000, 0x00000007b6100000, 0x00000007c0000000)
  eden space 306176K, 100% used [0x00000007a0000000,0x00000007b2b00000,0x00000007b2b00000)
  from space 9216K, 94% used [0x00000007b5800000,0x00000007b6087688,0x00000007b6100000)
  to   space 19968K, 0% used [0x00000007b3a00000,0x00000007b3a00000,0x00000007b4d80000)
 ParOldGen       total 302592K, used 47565K [0x0000000760000000, 0x0000000772780000, 0x00000007a0000000)
  object space 302592K, 15% used [0x0000000760000000,0x0000000762e73798,0x0000000772780000)
 Metaspace       used 72628K, capacity 77098K, committed 77272K, reserved 1116160K
  class space    used 9838K, capacity 10648K, committed 10752K, reserved 1048576K
Event: 14.083 GC heap after
Heap after GC invocations=12 (full 3):
 PSYoungGen      total 341504K, used 19965K [0x00000007a0000000, 0x00000007b8800000, 0x00000007c0000000)
  eden space 321536K, 0% used [0x00000007a0000000,0x00000007a0000000,0x00000007b3a00000)
  from space 19968K, 99% used [0x00000007b3a00000,0x00000007b4d7f6e8,0x00000007b4d80000)
  to   space 25088K, 0% used [0x00000007b6f80000,0x00000007b6f80000,0x00000007b8800000)
 ParOldGen       total 302592K, used 53828K [0x0000000760000000, 0x0000000772780000, 0x00000007a0000000)
  object space 302592K, 17% used [0x0000000760000000,0x0000000763491050,0x0000000772780000)
 Metaspace       used 72628K, capacity 77098K, committed 77272K, reserved 1116160K
  class space    used 9838K, capacity 10648K, committed 10752K, reserved 1048576K
}
Event: 391.891 GC heap before
{Heap before GC invocations=13 (full 3):
 PSYoungGen      total 341504K, used 341501K [0x00000007a0000000, 0x00000007b8800000, 0x00000007c0000000)
  eden space 321536K, 100% used [0x00000007a0000000,0x00000007b3a00000,0x00000007b3a00000)
  from space 19968K, 99% used [0x00000007b3a00000,0x00000007b4d7f6e8,0x00000007b4d80000)
  to   space 25088K, 0% used [0x00000007b6f80000,0x00000007b6f80000,0x00000007b8800000)
 ParOldGen       total 302592K, used 53828K [0x0000000760000000, 0x0000000772780000, 0x00000007a0000000)
  object space 302592K, 17% used [0x0000000760000000,0x0000000763491050,0x0000000772780000)
 Metaspace       used 78286K, capacity 83698K, committed 83800K, reserved 1122304K
  class space    used 10520K, capacity 11564K, committed 11648K, reserved 1048576K
Event: 391.908 GC heap after
Heap after GC invocations=13 (full 3):
 PSYoungGen      total 332800K, used 19832K [0x00000007a0000000, 0x00000007b8300000, 0x00000007c0000000)
  eden space 312832K, 0% used [0x00000007a0000000,0x00000007a0000000,0x00000007b3180000)
  from space 19968K, 99% used [0x00000007b6f80000,0x00000007b82de160,0x00000007b8300000)
  to   space 26112K, 0% used [0x00000007b5000000,0x00000007b5000000,0x00000007b6980000)
 ParOldGen       total 302592K, used 53836K [0x0000000760000000, 0x0000000772780000, 0x00000007a0000000)
  object space 302592K, 17% used [0x0000000760000000,0x0000000763493050,0x0000000772780000)
 Metaspace       used 78286K, capacity 83698K, committed 83800K, reserved 1122304K
  class space    used 10520K, capacity 11564K, committed 11648K, reserved 1048576K
}

