# JRE version: OpenJDK Runtime Environment (8.0_152-b06) (build 1.8.0_152-release-1136-b06)
# Java VM: OpenJDK 64-Bit Server VM (25.152-b06 mixed mode bsd-amd64 compressed oops)
Heap:
 PSYoungGen      total 250368K, used 178568K [0x00000007a0000000, 0x00000007b6b80000, 0x00000007c0000000)
  eden space 220160K, 73% used [0x00000007a0000000,0x00000007a9d2c818,0x00000007ad700000)
  from space 30208K, 58% used [0x00000007ad700000,0x00000007ae835a80,0x00000007af480000)
  to   space 29696K, 0% used [0x00000007b4e80000,0x00000007b4e80000,0x00000007b6b80000)
 ParOldGen       total 264192K, used 35117K [0x0000000760000000, 0x0000000770200000, 0x00000007a0000000)
  object space 264192K, 13% used [0x0000000760000000,0x000000076224b6f8,0x0000000770200000)
 Metaspace       used 78102K, capacity 81756K, committed 82048K, reserved 1120256K
  class space    used 10311K, capacity 11045K, committed 11136K, reserved 1048576K
GC Heap History (10 events):
Event: 9.908 GC heap before
{Heap before GC invocations=10 (full 2):
 PSYoungGen      total 151552K, used 112647K [0x00000007a0000000, 0x00000007ae280000, 0x00000007c0000000)
  eden space 135680K, 71% used [0x00000007a0000000,0x00000007a5e86550,0x00000007a8480000)
  from space 15872K, 99% used [0x00000007a8480000,0x00000007a93fba20,0x00000007a9400000)
  to   space 21504K, 0% used [0x00000007acd80000,0x00000007acd80000,0x00000007ae280000)
 ParOldGen       total 181248K, used 28206K [0x0000000760000000, 0x000000076b100000, 0x00000007a0000000)
  object space 181248K, 15% used [0x0000000760000000,0x0000000761b8b878,0x000000076b100000)
 Metaspace       used 57400K, capacity 58976K, committed 59028K, reserved 1099776K
  class space    used 7779K, capacity 8169K, committed 8192K, reserved 1048576K
Event: 9.933 GC heap after
Heap after GC invocations=10 (full 2):
 PSYoungGen      total 207360K, used 21502K [0x00000007a0000000, 0x00000007ae980000, 0x00000007c0000000)
  eden space 185856K, 0% used [0x00000007a0000000,0x00000007a0000000,0x00000007ab580000)
  from space 21504K, 99% used [0x00000007acd80000,0x00000007ae27fb50,0x00000007ae280000)
  to   space 24576K, 0% used [0x00000007ab580000,0x00000007ab580000,0x00000007acd80000)
 ParOldGen       total 181248K, used 28276K [0x0000000760000000, 0x000000076b100000, 0x00000007a0000000)
  object space 181248K, 15% used [0x0000000760000000,0x0000000761b9d350,0x000000076b100000)
 Metaspace       used 57400K, capacity 58976K, committed 59028K, reserved 1099776K
  class space    used 7779K, capacity 8169K, committed 8192K, reserved 1048576K
}
Event: 9.933 GC heap before
{Heap before GC invocations=11 (full 3):
 PSYoungGen      total 207360K, used 21502K [0x00000007a0000000, 0x00000007ae980000, 0x00000007c0000000)
  eden space 185856K, 0% used [0x00000007a0000000,0x00000007a0000000,0x00000007ab580000)
  from space 21504K, 99% used [0x00000007acd80000,0x00000007ae27fb50,0x00000007ae280000)
  to   space 24576K, 0% used [0x00000007ab580000,0x00000007ab580000,0x00000007acd80000)
 ParOldGen       total 181248K, used 28276K [0x0000000760000000, 0x000000076b100000, 0x00000007a0000000)
  object space 181248K, 15% used [0x0000000760000000,0x0000000761b9d350,0x000000076b100000)
 Metaspace       used 57400K, capacity 58976K, committed 59028K, reserved 1099776K
  class space    used 7779K, capacity 8169K, committed 8192K, reserved 1048576K
Event: 10.108 GC heap after
Heap after GC invocations=11 (full 3):
 PSYoungGen      total 207360K, used 0K [0x00000007a0000000, 0x00000007ae980000, 0x00000007c0000000)
  eden space 185856K, 0% used [0x00000007a0000000,0x00000007a0000000,0x00000007ab580000)
  from space 21504K, 0% used [0x00000007acd80000,0x00000007acd80000,0x00000007ae280000)
  to   space 24576K, 0% used [0x00000007ab580000,0x00000007ab580000,0x00000007acd80000)
 ParOldGen       total 264192K, used 34894K [0x0000000760000000, 0x0000000770200000, 0x00000007a0000000)
  object space 264192K, 13% used [0x0000000760000000,0x0000000762213910,0x0000000770200000)
 Metaspace       used 57386K, capacity 58928K, committed 59028K, reserved 1099776K
  class space    used 7775K, capacity 8161K, committed 8192K, reserved 1048576K
}
Event: 12.698 GC heap before
{Heap before GC invocations=12 (full 3):
 PSYoungGen      total 207360K, used 185856K [0x00000007a0000000, 0x00000007ae980000, 0x00000007c0000000)
  eden space 185856K, 100% used [0x00000007a0000000,0x00000007ab580000,0x00000007ab580000)
  from space 21504K, 0% used [0x00000007acd80000,0x00000007acd80000,0x00000007ae280000)
  to   space 24576K, 0% used [0x00000007ab580000,0x00000007ab580000,0x00000007acd80000)
 ParOldGen       total 264192K, used 34894K [0x0000000760000000, 0x0000000770200000, 0x00000007a0000000)
  object space 264192K, 13% used [0x0000000760000000,0x0000000762213910,0x0000000770200000)
 Metaspace       used 71182K, capacity 74210K, committed 74496K, reserved 1114112K
  class space    used 9545K, capacity 10146K, committed 10240K, reserved 1048576K
Event: 12.720 GC heap after
Heap after GC invocations=12 (full 3):
 PSYoungGen      total 210432K, used 24569K [0x00000007a0000000, 0x00000007b1000000, 0x00000007c0000000)
  eden space 185856K, 0% used [0x00000007a0000000,0x00000007a0000000,0x00000007ab580000)
  from space 24576K, 99% used [0x00000007ab580000,0x00000007acd7e7c0,0x00000007acd80000)
  to   space 28160K, 0% used [0x00000007af480000,0x00000007af480000,0x00000007b1000000)
 ParOldGen       total 264192K, used 35101K [0x0000000760000000, 0x0000000770200000, 0x00000007a0000000)
  object space 264192K, 13% used [0x0000000760000000,0x00000007622476f8,0x0000000770200000)
 Metaspace       used 71182K, capacity 74210K, committed 74496K, reserved 1114112K
  class space    used 9545K, capacity 10146K, committed 10240K, reserved 1048576K
}
Event: 14.179 GC heap before
{Heap before GC invocations=13 (full 3):
 PSYoungGen      total 210432K, used 210144K [0x00000007a0000000, 0x00000007b1000000, 0x00000007c0000000)
  eden space 185856K, 99% used [0x00000007a0000000,0x00000007ab539c20,0x00000007ab580000)
  from space 24576K, 99% used [0x00000007ab580000,0x00000007acd7e7c0,0x00000007acd80000)
  to   space 28160K, 0% used [0x00000007af480000,0x00000007af480000,0x00000007b1000000)
 ParOldGen       total 264192K, used 35101K [0x0000000760000000, 0x0000000770200000, 0x00000007a0000000)
  object space 264192K, 13% used [0x0000000760000000,0x00000007622476f8,0x0000000770200000)
 Metaspace       used 74309K, capacity 77586K, committed 77696K, reserved 1116160K
  class space    used 9943K, capacity 10624K, committed 10624K, reserved 1048576K
Event: 14.192 GC heap after
Heap after GC invocations=13 (full 3):
 PSYoungGen      total 248320K, used 23439K [0x00000007a0000000, 0x00000007b1280000, 0x00000007c0000000)
  eden space 220160K, 0% used [0x00000007a0000000,0x00000007a0000000,0x00000007ad700000)
  from space 28160K, 83% used [0x00000007af480000,0x00000007b0b63d18,0x00000007b1000000)
  to   space 30208K, 0% used [0x00000007ad700000,0x00000007ad700000,0x00000007af480000)
 ParOldGen       total 264192K, used 35109K [0x0000000760000000, 0x0000000770200000, 0x00000007a0000000)
  object space 264192K, 13% used [0x0000000760000000,0x00000007622496f8,0x0000000770200000)
 Metaspace       used 74309K, capacity 77586K, committed 77696K, reserved 1116160K
  class space    used 9943K, capacity 10624K, committed 10624K, reserved 1048576K
}
Event: 14.223 GC heap before
{Heap before GC invocations=14 (full 3):
 PSYoungGen      total 248320K, used 242896K [0x00000007a0000000, 0x00000007b1280000, 0x00000007c0000000)
  eden space 220160K, 99% used [0x00000007a0000000,0x00000007ad6502f0,0x00000007ad700000)
  from space 28160K, 83% used [0x00000007af480000,0x00000007b0b63d18,0x00000007b1000000)
  to   space 30208K, 0% used [0x00000007ad700000,0x00000007ad700000,0x00000007af480000)
 ParOldGen       total 264192K, used 35109K [0x0000000760000000, 0x0000000770200000, 0x00000007a0000000)
  object space 264192K, 13% used [0x0000000760000000,0x00000007622496f8,0x0000000770200000)
 Metaspace       used 74320K, capacity 77586K, committed 77696K, reserved 1116160K
  class space    used 9943K, capacity 10624K, committed 10624K, reserved 1048576K
Event: 14.230 GC heap after
Heap after GC invocations=14 (full 3):
 PSYoungGen      total 250368K, used 17622K [0x00000007a0000000, 0x00000007b6b80000, 0x00000007c0000000)
  eden space 220160K, 0% used [0x00000007a0000000,0x00000007a0000000,0x00000007ad700000)
  from space 30208K, 58% used [0x00000007ad700000,0x00000007ae835a80,0x00000007af480000)
  to   space 29696K, 0% used [0x00000007b4e80000,0x00000007b4e80000,0x00000007b6b80000)
 ParOldGen       total 264192K, used 35117K [0x0000000760000000, 0x0000000770200000, 0x00000007a0000000)
  object space 264192K, 13% used [0x0000000760000000,0x000000076224b6f8,0x0000000770200000)
 Metaspace       used 74320K, capacity 77586K, committed 77696K, reserved 1116160K
  class space    used 9943K, capacity 10624K, committed 10624K, reserved 1048576K
}

